nightwhisper-app/android/capacitor-cordova-android-plugins/build/intermediates/manifest_merge_blame_file/debug/processDebugManifest/manifest-merger-blame-debug-report.txt
1<?xml version="1.0" encoding="utf-8"?>
2<manifest xmlns:amazon="http://schemas.amazon.com/apk/res/android"
3    xmlns:android="http://schemas.android.com/apk/res/android"
4    package="capacitor.cordova.android.plugins" >
5
6    <uses-sdk android:minSdkVersion="24" />
7
8    <uses-permission android:name="android.permission.WAKE_LOCK" />
8-->src/main/AndroidManifest.xml:7:1-63
8-->src/main/AndroidManifest.xml:7:18-61
9
10    <application>
10-->src/main/AndroidManifest.xml:4:1-6:15
11        <service android:name="de.appplant.cordova.plugin.background.ForegroundService" />
11-->src/main/AndroidManifest.xml:5:1-82
11-->src/main/AndroidManifest.xml:5:10-80
12    </application>
13
14</manifest>